[2018-04-27 16:01:17.911] [exthost1] [info] extension host started
[2018-04-27 16:01:17.996] [exthost1] [info] ExtensionService#_doActivateExtension vscode.emmet {"startup":true,"activationEvent":"*"}
[2018-04-27 16:01:17.996] [exthost1] [info] ExtensionService#loadCommonJSModule /usr/share/code/resources/app/extensions/emmet/out/extension
[2018-04-27 16:01:18.275] [exthost1] [info] ExtensionService#_doActivateExtension vscode.git {"startup":true,"activationEvent":"*"}
[2018-04-27 16:01:18.275] [exthost1] [info] ExtensionService#loadCommonJSModule /usr/share/code/resources/app/extensions/git/out/main
[2018-04-27 16:01:18.735] [exthost1] [info] ExtensionService#_doActivateExtension vscode.merge-conflict {"startup":true,"activationEvent":"*"}
[2018-04-27 16:01:18.735] [exthost1] [info] ExtensionService#loadCommonJSModule /usr/share/code/resources/app/extensions/merge-conflict/out/extension
[2018-04-27 16:01:18.759] [exthost1] [info] ExtensionService#_doActivateExtension HookyQR.beautify {"startup":true,"activationEvent":"*"}
[2018-04-27 16:01:18.759] [exthost1] [info] ExtensionService#loadCommonJSModule /root/.vscode/extensions/HookyQR.beautify-1.3.0/extension
[2018-04-27 16:01:18.860] [exthost1] [info] ExtensionService#_doActivateExtension dbaeumer.vscode-eslint {"startup":true,"activationEvent":"*"}
[2018-04-27 16:01:18.860] [exthost1] [info] ExtensionService#loadCommonJSModule /root/.vscode/extensions/dbaeumer.vscode-eslint-1.4.8/client/out/extension
[2018-04-27 16:01:19.147] [exthost1] [info] ExtensionService#_doActivateExtension vscodevim.vim {"startup":true,"activationEvent":"*"}
[2018-04-27 16:01:19.147] [exthost1] [info] ExtensionService#loadCommonJSModule /root/.vscode/extensions/vscodevim.vim-0.11.5/out/extension
[2018-04-27 16:01:19.999] [exthost1] [info] ExtensionService#_doActivateExtension yhpnoraa.beauty {"startup":true,"activationEvent":"*"}
[2018-04-27 16:01:19.999] [exthost1] [info] ExtensionService#loadCommonJSModule /root/.vscode/extensions/yhpnoraa.beauty-0.0.2/out/src/extension
[2018-04-27 16:01:20.114] [exthost1] [info] ExtensionService#_doActivateExtension ms-vscode.node-debug2 {"startup":true,"activationEvent":"workspaceContains:./node_modules/react-native/package.json"}
[2018-04-27 16:01:20.114] [exthost1] [info] ExtensionService#loadCommonJSModule /usr/share/code/resources/app/extensions/ms-vscode.node-debug2/out/src/extension
[2018-04-27 16:01:20.119] [exthost1] [info] eager extensions activated
[2018-04-27 16:01:20.372] [exthost1] [info] ExtensionService#_doActivateExtension vsmobile.vscode-react-native {"startup":true,"activationEvent":"workspaceContains:./node_modules/react-native/package.json"}
[2018-04-27 16:01:20.372] [exthost1] [info] ExtensionService#loadCommonJSModule /root/.vscode/extensions/vsmobile.vscode-react-native-0.6.9/src/extension/rn-extension
[2018-04-27 16:01:27.011] [exthost1] [info] ExtensionService#_doActivateExtension vscode.typescript-language-features {"startup":false,"activationEvent":"onLanguage:javascript"}
[2018-04-27 16:01:27.012] [exthost1] [info] ExtensionService#loadCommonJSModule /usr/share/code/resources/app/extensions/typescript-language-features/out/extension
[2018-04-27 16:01:27.525] [exthost1] [info] ExtensionService#_doActivateExtension AndrewRazumovsky.vscode-styled-jsx-languageserver {"startup":false,"activationEvent":"onLanguage:javascript"}
[2018-04-27 16:01:27.525] [exthost1] [info] ExtensionService#loadCommonJSModule /root/.vscode/extensions/AndrewRazumovsky.vscode-styled-jsx-languageserver-1.0.0/client/out/extension
[2018-04-27 16:01:27.952] [exthost1] [info] ExtensionService#_doActivateExtension NuclleaR.vscode-extension-auto-import {"startup":false,"activationEvent":"onLanguage:javascript"}
[2018-04-27 16:01:27.952] [exthost1] [info] ExtensionService#loadCommonJSModule /root/.vscode/extensions/NuclleaR.vscode-extension-auto-import-1.4.1/out/src/extension
[2018-04-27 16:01:53.364] [exthost1] [info] ExtensionService#_doActivateExtension vscode.extension-editing {"startup":false,"activationEvent":"onLanguage:typescript"}
[2018-04-27 16:01:53.364] [exthost1] [info] ExtensionService#loadCommonJSModule /usr/share/code/resources/app/extensions/extension-editing/out/extension
[2018-04-27 16:08:39.804] [exthost1] [info] extension host started
[2018-04-27 16:08:39.865] [exthost1] [info] ExtensionService#_doActivateExtension vscode.emmet {"startup":true,"activationEvent":"*"}
[2018-04-27 16:08:39.865] [exthost1] [info] ExtensionService#loadCommonJSModule /usr/share/code/resources/app/extensions/emmet/out/extension
[2018-04-27 16:08:40.066] [exthost1] [info] ExtensionService#_doActivateExtension vscode.git {"startup":true,"activationEvent":"*"}
[2018-04-27 16:08:40.066] [exthost1] [info] ExtensionService#loadCommonJSModule /usr/share/code/resources/app/extensions/git/out/main
[2018-04-27 16:08:40.538] [exthost1] [info] ExtensionService#_doActivateExtension vscode.merge-conflict {"startup":true,"activationEvent":"*"}
[2018-04-27 16:08:40.538] [exthost1] [info] ExtensionService#loadCommonJSModule /usr/share/code/resources/app/extensions/merge-conflict/out/extension
[2018-04-27 16:08:40.574] [exthost1] [info] ExtensionService#_doActivateExtension HookyQR.beautify {"startup":true,"activationEvent":"*"}
[2018-04-27 16:08:40.574] [exthost1] [info] ExtensionService#loadCommonJSModule /root/.vscode/extensions/HookyQR.beautify-1.3.0/extension
[2018-04-27 16:08:40.685] [exthost1] [info] ExtensionService#_doActivateExtension dbaeumer.vscode-eslint {"startup":true,"activationEvent":"*"}
[2018-04-27 16:08:40.685] [exthost1] [info] ExtensionService#loadCommonJSModule /root/.vscode/extensions/dbaeumer.vscode-eslint-1.4.8/client/out/extension
[2018-04-27 16:08:40.831] [exthost1] [info] ExtensionService#_doActivateExtension yhpnoraa.beauty {"startup":true,"activationEvent":"*"}
[2018-04-27 16:08:40.831] [exthost1] [info] ExtensionService#loadCommonJSModule /root/.vscode/extensions/yhpnoraa.beauty-0.0.2/out/src/extension
[2018-04-27 16:08:41.039] [exthost1] [info] ExtensionService#_doActivateExtension ms-vscode.node-debug2 {"startup":true,"activationEvent":"workspaceContains:./node_modules/react-native/package.json"}
[2018-04-27 16:08:41.039] [exthost1] [info] ExtensionService#loadCommonJSModule /usr/share/code/resources/app/extensions/ms-vscode.node-debug2/out/src/extension
[2018-04-27 16:08:41.048] [exthost1] [info] eager extensions activated
[2018-04-27 16:08:41.053] [exthost1] [info] ExtensionService#_doActivateExtension vscode.typescript-language-features {"startup":false,"activationEvent":"onLanguage:javascript"}
[2018-04-27 16:08:41.053] [exthost1] [info] ExtensionService#loadCommonJSModule /usr/share/code/resources/app/extensions/typescript-language-features/out/extension
[2018-04-27 16:08:41.317] [exthost1] [info] ExtensionService#_doActivateExtension AndrewRazumovsky.vscode-styled-jsx-languageserver {"startup":false,"activationEvent":"onLanguage:javascript"}
[2018-04-27 16:08:41.317] [exthost1] [info] ExtensionService#loadCommonJSModule /root/.vscode/extensions/AndrewRazumovsky.vscode-styled-jsx-languageserver-1.0.0/client/out/extension
[2018-04-27 16:08:41.449] [exthost1] [info] ExtensionService#_doActivateExtension NuclleaR.vscode-extension-auto-import {"startup":false,"activationEvent":"onLanguage:javascript"}
[2018-04-27 16:08:41.449] [exthost1] [info] ExtensionService#loadCommonJSModule /root/.vscode/extensions/NuclleaR.vscode-extension-auto-import-1.4.1/out/src/extension
[2018-04-27 16:08:41.629] [exthost1] [info] ExtensionService#_doActivateExtension vsmobile.vscode-react-native {"startup":true,"activationEvent":"workspaceContains:./node_modules/react-native/package.json"}
[2018-04-27 16:08:41.629] [exthost1] [info] ExtensionService#loadCommonJSModule /root/.vscode/extensions/vsmobile.vscode-react-native-0.6.9/src/extension/rn-extension
[2018-04-27 16:08:51.635] [exthost1] [info] ExtensionService#_doActivateExtension vscode.extension-editing {"startup":false,"activationEvent":"onLanguage:typescript"}
[2018-04-27 16:08:51.635] [exthost1] [info] ExtensionService#loadCommonJSModule /usr/share/code/resources/app/extensions/extension-editing/out/extension
