[2018-04-27 16:01:14.077] [sharedprocess] [info] main {"machineId":"fba60a6f03b62f661d047839410f71d3236e7917f365cdb85dac48f27fb6bc38"}
[2018-04-27 16:01:14.288] [sharedprocess] [info] Scanned user extensions: 20
[2018-04-27 16:01:14.727] [sharedprocess] [info] Scanned system extensions: 69
[2018-04-27 16:01:17.065] [sharedprocess] [info] Scanned user extensions: 20
[2018-04-27 16:01:17.075] [sharedprocess] [info] Scanned user extensions: 20
[2018-04-27 16:01:17.076] [sharedprocess] [info] Scanned user extensions: 20
[2018-04-27 16:01:17.340] [sharedprocess] [info] Scanned system extensions: 69
[2018-04-27 16:01:17.344] [sharedprocess] [info] Scanned system extensions: 69
[2018-04-27 16:01:19.328] [sharedprocess] [info] Scanned user extensions: 20
[2018-04-27 16:01:54.102] [sharedprocess] [info] Starting to clean up unused language packs.
[2018-04-27 16:06:19.570] [sharedprocess] [info] Scanned user extensions: 20
[2018-04-27 16:08:29.430] [sharedprocess] [info] Scanned user extensions: 20
[2018-04-27 16:08:29.431] [sharedprocess] [info] Scanned user extensions: 20
[2018-04-27 16:08:29.448] [sharedprocess] [info] Scanned user extensions: 20
[2018-04-27 16:08:29.559] [sharedprocess] [info] Scanned system extensions: 69
[2018-04-27 16:08:29.563] [sharedprocess] [info] Scanned system extensions: 69
[2018-04-27 16:08:34.199] [sharedprocess] [info] Scanned user extensions: 20
[2018-04-27 16:08:34.210] [sharedprocess] [info] Uninstalling extension: vscodevim.vim-0.11.5
[2018-04-27 16:08:34.217] [sharedprocess] [info] Requesting for confirmation to uninstall extension vscodevim.vim-0.11.5
[2018-04-27 16:08:34.221] [sharedprocess] [info] Routing dialog request to the client window:1
[2018-04-27 16:08:35.089] [sharedprocess] [info] Scanned user extensions: 20
[2018-04-27 16:08:35.103] [sharedprocess] [info] Successfully uninstalled extension: vscodevim.vim-0.11.5
[2018-04-27 16:08:35.557] [sharedprocess] [info] Scanned user extensions: 19
[2018-04-27 16:08:35.621] [sharedprocess] [info] Scanned user extensions: 19
[2018-04-27 16:08:35.710] [sharedprocess] [info] Scanned system extensions: 69
[2018-04-27 16:08:35.724] [sharedprocess] [info] Scanned system extensions: 69
[2018-04-27 16:08:38.231] [sharedprocess] [info] Scanned user extensions: 19
[2018-04-27 16:08:38.278] [sharedprocess] [info] Scanned user extensions: 19
[2018-04-27 16:08:38.319] [sharedprocess] [info] Scanned user extensions: 19
[2018-04-27 16:08:38.349] [sharedprocess] [info] Scanned system extensions: 69
[2018-04-27 16:08:38.361] [sharedprocess] [info] Scanned system extensions: 69
[2018-04-27 16:08:38.368] [sharedprocess] [info] Scanned user extensions: 19
[2018-04-27 16:08:38.369] [sharedprocess] [info] Scanned system extensions: 69
[2018-04-27 16:08:38.381] [sharedprocess] [info] Scanned user extensions: 19
[2018-04-27 16:08:41.728] [sharedprocess] [info] Scanned user extensions: 19
[2018-04-27 16:13:41.944] [sharedprocess] [info] Scanned user extensions: 19
[2018-04-27 16:18:42.196] [sharedprocess] [info] Scanned user extensions: 19
[2018-04-27 16:23:42.543] [sharedprocess] [info] Scanned user extensions: 19
[2018-04-27 16:28:42.703] [sharedprocess] [info] Scanned user extensions: 19
[2018-04-27 16:33:42.747] [sharedprocess] [info] Scanned user extensions: 19
[2018-04-27 16:38:42.787] [sharedprocess] [info] Scanned user extensions: 19
[2018-04-27 16:43:42.850] [sharedprocess] [info] Scanned user extensions: 19
[2018-04-27 16:48:42.928] [sharedprocess] [info] Scanned user extensions: 19
[2018-04-27 16:53:43.156] [sharedprocess] [info] Scanned user extensions: 19
